[2021-11-20 06:32:10,129] [common.py:28] [common:initPath] [INFO]- 添加path！ startPlace:威尔斯亲王医院；endPlace:香港中文大学；distance18 mins;duration7.8 km
[2021-11-20 06:32:10,398] [common.py:28] [common:initPath] [INFO]- 添加path！ startPlace:威尔斯亲王医院；endPlace:新城市广场；distance13 mins;duration3.2 km
[2021-11-20 06:32:10,608] [common.py:28] [common:initPath] [INFO]- 添加path！ startPlace:威尔斯亲王医院；endPlace:新达广场；distance21 mins;duration13.9 km
[2021-11-20 06:32:10,823] [common.py:28] [common:initPath] [INFO]- 添加path！ startPlace:威尔斯亲王医院；endPlace:名城；distance16 mins;duration6.3 km
[2021-11-20 06:32:11,168] [common.py:28] [common:initPath] [INFO]- 添加path！ startPlace:香港中文大学；endPlace:威尔斯亲王医院；distance11 mins;duration7.1 km
[2021-11-20 06:32:11,450] [common.py:28] [common:initPath] [INFO]- 添加path！ startPlace:香港中文大学；endPlace:新城市广场；distance11 mins;duration6.5 km
[2021-11-20 06:32:11,646] [common.py:28] [common:initPath] [INFO]- 添加path！ startPlace:香港中文大学；endPlace:新达广场；distance13 mins;duration7.8 km
[2021-11-20 06:32:11,852] [common.py:28] [common:initPath] [INFO]- 添加path！ startPlace:香港中文大学；endPlace:名城；distance15 mins;duration10.7 km
[2021-11-20 06:32:12,220] [common.py:28] [common:initPath] [INFO]- 添加path！ startPlace:新城市广场；endPlace:威尔斯亲王医院；distance10 mins;duration3.6 km
[2021-11-20 06:32:12,496] [common.py:28] [common:initPath] [INFO]- 添加path！ startPlace:新城市广场；endPlace:香港中文大学；distance15 mins;duration7.2 km
[2021-11-20 06:32:12,758] [common.py:28] [common:initPath] [INFO]- 添加path！ startPlace:新城市广场；endPlace:新达广场；distance18 mins;duration13.9 km
[2021-11-20 06:32:12,981] [common.py:28] [common:initPath] [INFO]- 添加path！ startPlace:新城市广场；endPlace:名城；distance9 mins;duration3.2 km
[2021-11-20 06:32:13,347] [common.py:28] [common:initPath] [INFO]- 添加path！ startPlace:新达广场；endPlace:威尔斯亲王医院；distance15 mins;duration12.5 km
[2021-11-20 06:32:13,637] [common.py:28] [common:initPath] [INFO]- 添加path！ startPlace:新达广场；endPlace:香港中文大学；distance13 mins;duration7.2 km
[2021-11-20 06:32:13,833] [common.py:28] [common:initPath] [INFO]- 添加path！ startPlace:新达广场；endPlace:新城市广场；distance15 mins;duration11.9 km
[2021-11-20 06:32:14,025] [common.py:28] [common:initPath] [INFO]- 添加path！ startPlace:新达广场；endPlace:名城；distance19 mins;duration16.1 km
[2021-11-20 06:32:14,455] [common.py:28] [common:initPath] [INFO]- 添加path！ startPlace:名城；endPlace:威尔斯亲王医院；distance11 mins;duration5.5 km
[2021-11-20 06:32:14,689] [common.py:28] [common:initPath] [INFO]- 添加path！ startPlace:名城；endPlace:香港中文大学；distance17 mins;duration10.5 km
[2021-11-20 06:32:14,882] [common.py:28] [common:initPath] [INFO]- 添加path！ startPlace:名城；endPlace:新城市广场；distance11 mins;duration3.9 km
[2021-11-20 06:32:15,062] [common.py:28] [common:initPath] [INFO]- 添加path！ startPlace:名城；endPlace:新达广场；distance20 mins;duration17.1 km
